Arguments: 
  C:\Program Files\nodejs\node.exe C:\Users\ejoc1\AppData\Roaming\npm\node_modules\yarn\bin\yarn.js start

PATH: 
  C:\Program Files\Git\mingw64\bin;C:\Program Files\Git\usr\bin;C:\Users\ejoc1\bin;C:\Python39\Scripts;C:\Python39;C:\Program Files (x86)\Common Files\Oracle\Java\javapath;C:\WINDOWS\system32;C:\WINDOWS;C:\WINDOWS\System32\Wbem;C:\WINDOWS\System32\WindowsPowerShell\v1.0;C:\Program Files\Heroku\bin;C:\WINDOWS\System32\OpenSSH;C:\Program Files\Microsoft VS Code\bin;C:\Program Files\Git\cmd;C:\Program Files\nodejs;C:\ProgramData\chocolatey\bin;C:\Users\ejoc1\AppData\Local\Microsoft\WindowsApps;C:\Program Files\Heroku\bin;C:\Program Files\Microsoft VS Code\bin;C:\Users\ejoc1\AppData\Local\hyper\app-3.0.2\resources\bin;C:\Users\ejoc1\AppData\Roaming\npm

Yarn version: 
  1.5.1

Node version: 
  14.15.4

Platform: 
  win32 x64

npm manifest: 
  No manifest

yarn manifest: 
  No manifest

Lockfile: 
  No lockfile

Trace: 
  Error: Couldn't find a package.json file in "C:\\landing-page"
      at new MessageError (C:\Users\ejoc1\AppData\Roaming\npm\node_modules\yarn\lib\cli.js:186:110)
      at C:\Users\ejoc1\AppData\Roaming\npm\node_modules\yarn\lib\cli.js:40048:15
      at Generator.next (<anonymous>)
      at step (C:\Users\ejoc1\AppData\Roaming\npm\node_modules\yarn\lib\cli.js:98:30)
      at C:\Users\ejoc1\AppData\Roaming\npm\node_modules\yarn\lib\cli.js:109:13
